<?xml version="1.0" encoding="UTF-8"?>
<testsuite xmlns:xsi="http://www.w3.org/2001/XMLSchema-instance" xsi:schemaLocation="https://maven.apache.org/surefire/maven-surefire-plugin/xsd/surefire-test-report.xsd" name="TestSuite" time="59.486" tests="9" errors="0" skipped="0" failures="1">
  <properties>
[...]
</properties>
  <testcase name="vertify_title" classname="Test.Test01" time="6.91"/>
  <testcase name="vertify_email" classname="Test.Test01" time="6.4"/>
  <testcase name="click_scribe" classname="Test.Test01" time="2.014"/>
  <testcase name="vertify_login_page" classname="Test.Test02" time="0.971"/>
  <testcase name="vertify_login" classname="Test.Test02" time="4.053"/>
  <testcase name="vertify_login" classname="Test.Test02" time="6.011"/>
  <testcase name="vertify_invalid_email" classname="Test.Test02" time="0.392"/>
  <testcase name="runScenario" classname="runner.TestNGRunner" time="3.827"/>
  <testcase name="close" classname="Test.Test01" time="7.393">
    <failure message="Test &apos;open app&apos; of &apos;Magento&apos; detected differences! See details at: https://eyes.applitools.com/app/batches/00000251643929973027/00000251643929972854?accountId=8vau1D9_SEKcoenrPbGKzA__" type="com.applitools.eyes.exceptions.DiffsFoundException">com.applitools.eyes.exceptions.DiffsFoundException: Test 'open app' of 'Magento' detected differences! See details at: https://eyes.applitools.com/app/batches/00000251643929973027/00000251643929972854?accountId=8vau1D9_SEKcoenrPbGKzA__
</failure>
  </testcase>
</testsuite>