-------------------------------------------------------------------------------
Test set: TestSuite
-------------------------------------------------------------------------------
Tests run: 9, Failures: 1, Errors: 0, Skipped: 0, Time elapsed: 59.486 sec <<< FAILURE! - in TestSuite
close(Test.Test01)  Time elapsed: 7.393 sec  <<< FAILURE!
com.applitools.eyes.exceptions.DiffsFoundException: Test 'open app' of 'Magento' detected differences! See details at: https://eyes.applitools.com/app/batches/00000251643929973027/00000251643929972854?accountId=8vau1D9_SEKcoenrPbGKzA__

