<?xml version="1.0" encoding="UTF-8"?>
<!-- Generated by org.testng.reporters.JUnitXMLReporter -->
<testsuite hostname="LAPTOP-1JDHC0U4" ignored="2" name="test_ecommerce" tests="6" failures="0" timestamp="08 Sep 2025 13:37:08 GMT" time="13.087" errors="0">
  <testcase name="vertify_title" time="0.238" classname="Test.Test01"/>
  <testcase name="vertify_email" time="0.167" classname="Test.Test01"/>
  <testcase name="click_scribe" time="1.779" classname="Test.Test01"/>
  <testcase name="vertify_login_page" time="1.041" classname="Test.Test02"/>
  <testcase name="vertify_login" time="5.494" classname="Test.Test02"/>
  <testcase name="vertify_login" time="3.872" classname="Test.Test02"/>
  <testcase name="@BeforeSuite open" time="0.0" classname="Test.BaseTest">
    <ignored/>
  </testcase> <!-- @BeforeSuite open -->
  <testcase name="@AfterSuite close" time="0.0" classname="Test.BaseTest">
    <ignored/>
  </testcase> <!-- @AfterSuite close -->
</testsuite> <!-- test_ecommerce -->
