<?xml version="1.0" encoding="UTF-8"?>
<!-- Generated by org.testng.reporters.JUnitXMLReporter -->
<testsuite hostname="LAPTOP-1JDHC0U4" ignored="2" name="test_ecommerce" tests="7" failures="0" timestamp="11 Sep 2025 12:04:29 GMT" time="13.135" errors="0">
  <testcase name="vertify_title" time="0.213" classname="Test.Test01"/>
  <testcase name="vertify_email" time="0.145" classname="Test.Test01"/>
  <testcase name="click_scribe" time="1.717" classname="Test.Test01"/>
  <testcase name="vertify_login_page" time="0.952" classname="Test.Test02"/>
  <testcase name="vertify_login" time="4.459" classname="Test.Test02"/>
  <testcase name="vertify_login" time="4.682" classname="Test.Test02"/>
  <testcase name="vertify_invalid_email" time="0.481" classname="Test.Test02"/>
  <testcase name="@BeforeSuite open" time="0.0" classname="Test.BaseTest">
    <ignored/>
  </testcase> <!-- @BeforeSuite open -->
  <testcase name="@AfterSuite close" time="0.0" classname="Test.BaseTest">
    <ignored/>
  </testcase> <!-- @AfterSuite close -->
</testsuite> <!-- test_ecommerce -->
